(base) [root@k8s-node1 ~]# docker run -it --name=vcu_3 -v /dev:/dev:rw --privileged=true vcu-v2:latest /usr/sbin/init
Failed to execute /usr/lib/systemd/system-generators/systemd-bless-boot-generator.debug: Exec format error
Failed to execute /usr/lib/systemd/system-generators/systemd-fstab-generator.debug: Exec format error
Failed to execute /usr/lib/systemd/system-generators/systemd-cryptsetup-generator.debug: Exec format error
Failed to execute /usr/lib/systemd/system-generators/systemd-sysv-generator.debug: Exec format error
Failed to execute /usr/lib/systemd/system-generators/systemd-getty-generator.debug: Exec format error
Failed to execute /usr/lib/systemd/system-generators/systemd-veritysetup-generator.debug: Exec format error
Failed to execute /usr/lib/systemd/system-generators/systemd-gpt-auto-generator.debug: Exec format error
Failed to execute /usr/lib/systemd/system-generators/systemd-debug-generator.debug: Exec format error
Failed to execute /usr/lib/systemd/system-generators/systemd-rc-local-generator.debug: Exec format error
Failed to execute /usr/lib/systemd/system-generators/systemd-system-update-generator.debug: Exec format error
Failed to execute /usr/lib/systemd/system-generators/systemd-hibernate-resume-generator.debug: Exec format error
Failed to execute /usr/lib/systemd/system-generators/systemd-run-generator.debug: Exec format error
/usr/lib/systemd/system-generators/systemd-veritysetup-generator.debug failed with exit status 1.
/usr/lib/systemd/system-generators/systemd-getty-generator.debug failed with exit status 1.
/usr/lib/systemd/system-generators/systemd-cryptsetup-generator.debug failed with exit status 1.
/usr/lib/systemd/system-generators/systemd-bless-boot-generator.debug failed with exit status 1.
/usr/lib/systemd/system-generators/systemd-system-update-generator.debug failed with exit status 1.
/usr/lib/systemd/system-generators/systemd-sysv-generator.debug failed with exit status 1.
/usr/lib/systemd/system-generators/systemd-rc-local-generator.debug failed with exit status 1.
/usr/lib/systemd/system-generators/systemd-run-generator.debug failed with exit status 1.
/usr/lib/systemd/system-generators/systemd-fstab-generator.debug failed with exit status 1.
/usr/lib/systemd/system-generators/systemd-gpt-auto-generator.debug failed with exit status 1.
/usr/lib/systemd/system-generators/systemd-debug-generator.debug failed with exit status 1.
/usr/lib/systemd/system-generators/systemd-hibernate-resume-generator.debug failed with exit status 1.
Configuration file /lib/systemd/system/run_isolate_start.service is marked executable. Please remove executable permission bits. Proceeding anyway.
/lib/systemd/system/dbus.socket:5: ListenStream= references a path below legacy directory /var/run/, updating /var/run/dbus/system_bus_socket → /run/dbus/system_bus_socket; please update the unit file accordingly.
Configuration file /lib/systemd/system/webssh.service is marked executable. Please remove executable permission bits. Proceeding anyway.
webssh.service: Service has no ExecStart=, ExecStop=, or SuccessAction=. Refusing.
Configuration file /lib/systemd/system/webagent.service is marked executable. Please remove executable permission bits. Proceeding anyway.
Configuration file /lib/systemd/system/upgrade_mgmt.service is marked executable. Please remove executable permission bits. Proceeding anyway.
Configuration file /lib/systemd/system/tsdb.service is marked executable. Please remove executable permission bits. Proceeding anyway.
Configuration file /lib/systemd/system/show_version.service is marked executable. Please remove executable permission bits. Proceeding anyway.
Configuration file /lib/systemd/system/sdtp.service is marked executable. Please remove executable permission bits. Proceeding anyway.
Configuration file /lib/systemd/system/rg_thread_det.service is marked executable. Please remove executable permission bits. Proceeding anyway.
Configuration file /lib/systemd/system/rg_kvdb.service is marked executable. Please remove executable permission bits. Proceeding anyway.
Configuration file /lib/systemd/system/rg_edac.service is marked executable. Please remove executable permission bits. Proceeding anyway.
Configuration file /lib/systemd/system/rg-resmon.service is marked executable. Please remove executable permission bits. Proceeding anyway.
Configuration file /lib/systemd/system/ptp_mgmt.service is marked executable. Please remove executable permission bits. Proceeding anyway.
Configuration file /lib/systemd/system/pshk.service is marked executable. Please remove executable permission bits. Proceeding anyway.
Configuration file /lib/systemd/system/psh_proxy_stop.service is marked executable. Please remove executable permission bits. Proceeding anyway.
Configuration file /lib/systemd/system/psh_proxy.service is marked executable. Please remove executable permission bits. Proceeding anyway.
Configuration file /lib/systemd/system/pr_dpdk.service is marked executable. Please remove executable permission bits. Proceeding anyway.
Configuration file /lib/systemd/system/oam_core_adapter.service is marked executable. Please remove executable permission bits. Proceeding anyway.
Configuration file /lib/systemd/system/oam_core.service is marked executable. Please remove executable permission bits. Proceeding anyway.
Configuration file /lib/systemd/system/nginx-ui.service is marked executable. Please remove executable permission bits. Proceeding anyway.
Configuration file /lib/systemd/system/nginx-pre.service is marked executable. Please remove executable permission bits. Proceeding anyway.
Configuration file /lib/systemd/system/mom.service is marked executable. Please remove executable permission bits. Proceeding anyway.
Configuration file /lib/systemd/system/license.service is marked executable. Please remove executable permission bits. Proceeding anyway.
Configuration file /lib/systemd/system/hdf_sys.service is marked executable. Please remove executable permission bits. Proceeding anyway.
Configuration file /lib/systemd/system/hdf_ods.service is marked executable. Please remove executable permission bits. Proceeding anyway.
Configuration file /lib/systemd/system/hdf_mgnt.service is marked executable. Please remove executable permission bits. Proceeding anyway.
Configuration file /lib/systemd/system/fpm.service is marked executable. Please remove executable permission bits. Proceeding anyway.
Configuration file /lib/systemd/system/fhmp-ui.service is marked executable. Please remove executable permission bits. Proceeding anyway.
/lib/systemd/system/fh-ntpd.service:9: PIDFile= references a path below legacy directory /var/run/, updating /var/run/fh-ntpd.pid → /run/fh-ntpd.pid; please update the unit file accordingly.
Configuration file /lib/systemd/system/dis_dev_srv.service is marked executable. Please remove executable permission bits. Proceeding anyway.
Configuration file /lib/systemd/system/dis-inotify-server.service is marked executable. Please remove executable permission bits. Proceeding anyway.
Configuration file /lib/systemd/system/dis-inotify-client.service is marked executable. Please remove executable permission bits. Proceeding anyway.
Configuration file /lib/systemd/system/dev_sc.service is marked executable. Please remove executable permission bits. Proceeding anyway.
Configuration file /lib/systemd/system/dev_mgr.service is marked executable. Please remove executable permission bits. Proceeding anyway.
Configuration file /lib/systemd/system/ded_core_mon.service is marked executable. Please remove executable permission bits. Proceeding anyway.
Configuration file /lib/systemd/system/cwmp_gsoap.service is marked executable. Please remove executable permission bits. Proceeding anyway.
Configuration file /lib/systemd/system/cwmp.service is marked executable. Please remove executable permission bits. Proceeding anyway.
Configuration file /lib/systemd/system/cu_pdcp.service is marked executable. Please remove executable permission bits. Proceeding anyway.
Configuration file /lib/systemd/system/cu_oam.service is marked executable. Please remove executable permission bits. Proceeding anyway.
Configuration file /lib/systemd/system/csm.service is marked executable. Please remove executable permission bits. Proceeding anyway.
Configuration file /lib/systemd/system/ca_mgmt_app.service is marked executable. Please remove executable permission bits. Proceeding anyway.
Configuration file /lib/systemd/system/bh_bind.service is marked executable. Please remove executable permission bits. Proceeding anyway.
Configuration file /lib/systemd/system/aer_print.service is marked executable. Please remove executable permission bits. Proceeding anyway.
Configuration file /lib/systemd/system/aer_attach.service is marked executable. Please remove executable permission bits. Proceeding anyway.
webssh.service: Cannot add dependency job, ignoring: Unit webssh.service has a bad unit file setting.
[ TIME ] Timed out waiting for device /dev/sda12.
[DEPEND] Dependency failed for File System Check on /dev/sda12.
[DEPEND] Dependency failed for /data.
[DEPEND] Dependency failed for Local File Systems.
[FAILED] Failed to start AER_ATTACH.
[FAILED] Failed to start AER_ATTACH.
[FAILED] Failed to start ftp_server.
[FAILED] Failed to start PSHK.
[FAILED] Failed to start Start rg_edac service.
[FAILED] Failed to start rg-mtdoops service.
[FAILED] Failed to start HAMK.
line_str found.
[FAILED] Failed to start Rotate log files.
line_str found.
-----------rg_zlog_init fail -----------------------
line_str found.
line_str found.
line_str found.
line_str found.
line_str found.
line_str found.
line_str found.
line_str found.
-----------rg_zlog_init fail -----------------------
line_str found.
line_str found.
